-------------------------------------------------------------------------------
Test set: com.example.movieinfoservice.MovieInfoServiceApplicationTests
-------------------------------------------------------------------------------
Tests run: 1, Failures: 0, Errors: 1, Skipped: 0, Time elapsed: 1.747 s <<< FAILURE! - in com.example.movieinfoservice.MovieInfoServiceApplicationTests
contextLoads(com.example.movieinfoservice.MovieInfoServiceApplicationTests)  Time elapsed: 0.002 s  <<< ERROR!
java.lang.IllegalStateException: Failed to load ApplicationContext
Caused by: org.springframework.beans.factory.BeanCreationException: Error creating bean with name 'bootstrapImportSelectorConfiguration': Initialization of bean failed; nested exception is java.lang.NoClassDefFoundError: org/springframework/boot/context/properties/ConfigurationPropertiesBean
Caused by: java.lang.NoClassDefFoundError: org/springframework/boot/context/properties/ConfigurationPropertiesBean
Caused by: java.lang.ClassNotFoundException: org.springframework.boot.context.properties.ConfigurationPropertiesBean

